Domain Name: yahoo.ca
Registry Registrant ID: 64402069-CIRA
Registrant Name: Oath (Canada) Corp.
Registrant Organization:
Registrant Street: 99 Spadina Ave., Suite 200 & 300
Registrant City: Toronto
Registrant State/Province: ON
Registrant Postal Code: M5V3P8
Registrant Country: CA
Registrant Phone: +1.4162638100
Registrant Phone Ext:
Registrant Fax: +1.4162638100
Registrant Fax Ext:
Registrant Email: domain-admin@oath.com
Registry Admin ID: 64402182-CIRA
Admin Name: Andres Lorca
Admin Organization: Oath (Canada) Corp.
Admin Street: 99 Spadina Ave., Suite 200
Admin City: Toronto
Admin State/Province: ON
Admin Postal Code: M5V3P8
Admin Country: CA
Admin Phone: +1.4162638100
Admin Phone Ext:
Admin Fax: +1.4162638100
Admin Fax Ext:
Admin Email: domain-admin@oath.com
Registry Tech ID: 64402182-CIRA
Tech Name: Andres Lorca
Tech Organization: Oath (Canada) Corp.
Tech Street: 99 Spadina Ave., Suite 200
Tech City: Toronto
Tech State/Province: ON
Tech Postal Code: M5V3P8
Tech Country: CA
Tech Phone: +1.4162638100
Tech Phone Ext:
Tech Fax: +1.4162638100
Tech Fax Ext:
Tech Email: domain-admin@oath.com
