Domain Name: uvic.ca
Registry Registrant ID: R3308-CIRA
Registrant Name: University of Victoria
Registrant Organization:
Registrant Street: 3045 Network Services Clearihue Building
Registrant City: Victoria
Registrant State/Province: BC
Registrant Postal Code: V8W3P4
Registrant Country: CA
Registrant Phone: +1.2504724825
Registrant Phone Ext:
Registrant Fax: +1.2507218778
Registrant Fax Ext:
Registrant Email: rkozsan@uvic.ca
Registry Admin ID: C853141-CIRA
Admin Name: Jane Godfrey
Admin Organization: University of Victoria
Admin Street: 3045 Network Services Clearihue Building
Admin City: Victoria
Admin State/Province: BC
Admin Postal Code: V8W3P4
Admin Country: CA
Admin Phone: +1.2507217673
Admin Phone Ext:
Admin Fax: +1.2507218778
Admin Fax Ext:
Admin Email: jgodfrey@uvic.ca
Registry Tech ID: C853142-CIRA
Tech Name: UVic NOC
Tech Organization: University of Victoria
Tech Street: 3045 Network Services Clearihue Building
Tech City: Victoria
Tech State/Province: BC
Tech Postal Code: V8W3P4
Tech Country: CA
Tech Phone: +1.2507217654
Tech Phone Ext:
Tech Fax: +1.2507218778
Tech Fax Ext:
Tech Email: netadmin@uvic.ca
