   Domain Name: CNN.COM
Domain Name: cnn.com
Registry Registrant ID: 
Registrant Name: Domain Name Manager
Registrant Organization: Turner Broadcasting System, Inc.
Registrant Street: One CNN Center
Registrant City: Atlanta
Registrant State/Province: GA
Registrant Postal Code: 30303
Registrant Country: US
Registrant Phone: +1.4048275000
Registrant Phone Ext: 
Registrant Fax: +1.4048271995
Registrant Fax Ext: 
Registrant Email: tmgroup@turner.com
Registry Admin ID: 
Admin Name: Domain Name Manager
Admin Organization: Turner Broadcasting System, Inc.
Admin Street: One CNN Center
Admin City: Atlanta
Admin State/Province: GA
Admin Postal Code: 30303
Admin Country: US
Admin Phone: +1.4048275000
Admin Phone Ext: 
Admin Fax: +1.4048271995
Admin Fax Ext: 
Admin Email: tmgroup@turner.com
Registry Tech ID: 
Tech Name: TBS Server Operations
Tech Organization: Turner Broadcasting System, Inc.
Tech Street: One CNN Center
Tech City: Atlanta
Tech State/Province: GA
Tech Postal Code: 30303
Tech Country: US
Tech Phone: +1.4048275000
Tech Phone Ext: 
Tech Fax: +1.4048271593
Tech Fax Ext: 
Tech Email: hostmaster@turner.com
