   Domain Name: YAHOO.COM
Domain Name: yahoo.com
Registry Registrant ID: 
Registrant Name: Domain Admin
Registrant Organization: Oath Inc.
Registrant Street: 22000 AOL Way
Registrant City: Dulles
Registrant State/Province: VA
Registrant Postal Code: 20166
Registrant Country: US
Registrant Phone: +1.4083493300
Registrant Phone Ext: 
Registrant Fax: 
Registrant Fax Ext: 
Registrant Email: domain-admin@oath.com
Registry Admin ID: 
Admin Name: Domain Admin
Admin Organization: Oath Inc.
Admin Street: 22000 AOL Way
Admin City: Dulles
Admin State/Province: VA
Admin Postal Code: 20166
Admin Country: US
Admin Phone: +1.4083493300
Admin Phone Ext: 
Admin Fax: 
Admin Fax Ext: 
Admin Email: domain-admin@oath.com
Registry Tech ID: 
Tech Name: Domain Admin
Tech Organization: Oath Inc.
Tech Street: 22000 AOL Way
Tech City: Dulles
Tech State/Province: VA
Tech Postal Code: 20166
Tech Country: US
Tech Phone: +1.4083493300
Tech Phone Ext: 
Tech Fax: 
Tech Fax Ext: 
Tech Email: domain-admin@oath.com
